[2022-02-22 11:25:13,944][root][INFO] - name: conv_phase1_shaped_reward
project: Lux_AI_2021
entity: isaiahpressman
group: after_september_patch
act_space: BasicActionSpace
obs_space: FixedShapeContinuousObs
obs_space_kwargs: {}
reward_space: StatefulMultiReward
reward_space_kwargs:
  step: 0.005
total_steps: 20000000.0
num_actors: 2
n_actor_envs: 16
unroll_length: 16
batch_size: 4
discounting: 0.999
model_arch: conv_model
n_blocks: 8
hidden_dim: 128
embedding_dim: 32
n_merge_layers: 1
normalize: false
sum_player_embeddings: false
use_index_select: false
rescale_value_input: true
rescale_se_input: true
kernel_size: 5
optimizer_class: Adam
optimizer_kwargs:
  lr: 0.0001
  eps: 0.0003
min_lr_mod: 0.01
entropy_cost: 0.001
baseline_cost: 1.0
teacher_kl_cost: 0.0
lmb: 0.8
reduction: sum
actor_device: cuda:0
learner_device: cuda:0
disable_wandb: true
model_log_freq: 100
sharing_strategy: file_descriptor
seed: null
num_buffers: 4
use_mixed_precision: true
clip_grads: 10.0
checkpoint_freq: 10.0
num_learner_threads: 1
use_teacher: false
teacher_baseline_cost: 0.0
load_dir: null
checkpoint_file: null
weights_only: false
n_value_warmup_batches: 0
debug: false

[2022-02-22 11:25:19,608][root][INFO] - Training model with 6,798,889 parameters.
[2022-02-22 11:25:27,580][root][INFO] - Steps 0 @ 0.0 SPS / 0.0 BPS. Stats:
{}
[2022-02-22 11:25:32,586][root][INFO] - Steps 640 @ 127.9 SPS / 2.0 BPS. Stats:
{'Actions': {'cart': {'MOVE': nan, 'NO-OP': nan, 'TRANSFER': nan},
             'city_tile': {'BUILD_CART': 0.0,
                           'BUILD_WORKER': 0.07142857142857142,
                           'NO-OP': 0.5,
                           'RESEARCH': 0.42857142857142855},
             'worker': {'BUILD_CITY': 0.027777777777777776,
                        'MOVE': 0.9444444444444444,
                        'NO-OP': 0.027777777777777776,
                        'PILLAGE': 0.0,
                        'TRANSFER': 0.0}},
 'Entropy': {'cart': 1.481119155883789,
             'city_tile': 0.7679619193077087,
             'overall': 3.9231435656547546,
             'worker': 1.6740624904632568},
 'Env': {'carts_final': 0.0,
         'carts_peak': 0.0,
         'city_tiles_final': 0.5,
         'city_tiles_peak': 1.5,
         'max_cumulative_rewards': 0.022120000794529915,
         'mean_cumulative_reward_magnitudes': 0.022099999710917473,
         'mean_cumulative_rewards': 1.9999999494757503e-05,
         'research_points': 3.0,
         'separate_cities_final': 0.5,
         'separate_cities_peak': 1.5,
         'step': 31.0,
         'workers_final': 0.0,
         'workers_peak': 1.5},
 'Loss': {'baseline_loss': 0.003323550336062908,
          'entropy_loss': -0.16935931146144867,
          'teacher_kl_loss': 0.0,
          'total_loss': 0.9423773288726807,
          'upgo_pg_loss': 0.34062835574150085,
          'vtrace_pg_loss': 0.7677847146987915},
 'Misc': {'learning_rate': 9.89971488e-05, 'total_games_played': 1},
 'Teacher_KL_Divergence': {'cart': 0.0,
                           'city_tile': 0.0,
                           'overall': 0.0,
                           'worker': 0.0}}
[2022-02-22 11:25:37,588][root][INFO] - Steps 1600 @ 191.9 SPS / 3.0 BPS. Stats:
{'Actions': {'cart': {'MOVE': nan, 'NO-OP': nan, 'TRANSFER': nan},
             'city_tile': {'BUILD_CART': nan,
                           'BUILD_WORKER': nan,
                           'NO-OP': nan,
                           'RESEARCH': nan},
             'worker': {'BUILD_CITY': nan,
                        'MOVE': nan,
                        'NO-OP': nan,
                        'PILLAGE': nan,
                        'TRANSFER': nan}},
 'Entropy': {'cart': 1.6084407567977905,
             'city_tile': 0.8315533399581909,
             'overall': 3.952075719833374,
             'worker': 1.5120816230773926},
 'Env': {'carts_final': nan,
         'carts_peak': nan,
         'city_tiles_final': nan,
         'city_tiles_peak': nan,
         'max_cumulative_rewards': nan,
         'mean_cumulative_reward_magnitudes': nan,
         'mean_cumulative_rewards': nan,
         'research_points': nan,
         'separate_cities_final': nan,
         'separate_cities_peak': nan,
         'step': nan,
         'workers_final': nan,
         'workers_peak': nan},
 'Loss': {'baseline_loss': 5.521776256500743e-05,
          'entropy_loss': -0.1494121253490448,
          'teacher_kl_loss': 0.0,
          'total_loss': 0.16344720125198364,
          'upgo_pg_loss': 0.1021651029586792,
          'vtrace_pg_loss': 0.21063899993896484},
 'Misc': {'learning_rate': 9.89923968e-05, 'total_games_played': 11},
 'Teacher_KL_Divergence': {'cart': 0.0,
                           'city_tile': 0.0,
                           'overall': 0.0,
                           'worker': 0.0}}
[2022-02-22 11:25:42,592][root][INFO] - Steps 2560 @ 191.9 SPS / 3.0 BPS. Stats:
{'Actions': {'cart': {'MOVE': 0.8787878787878788,
                      'NO-OP': 0.12121212121212122,
                      'TRANSFER': 0.0},
             'city_tile': {'BUILD_CART': 0.058823529411764705,
                           'BUILD_WORKER': 0.0,
                           'NO-OP': 0.43137254901960786,
                           'RESEARCH': 0.5098039215686274},
             'worker': {'BUILD_CITY': 0.026905829596412557,
                        'MOVE': 0.820627802690583,
                        'NO-OP': 0.14349775784753363,
                        'PILLAGE': 0.008968609865470852,
                        'TRANSFER': 0.0}},
 'Entropy': {'cart': nan,
             'city_tile': 0.6929486393928528,
             'overall': 2.3200936913490295,
             'worker': 1.6271450519561768},
 'Env': {'carts_final': 0.0,
         'carts_peak': 0.5,
         'city_tiles_final': 0.0,
         'city_tiles_peak': 1.5,
         'max_cumulative_rewards': 0.012853333726525307,
         'mean_cumulative_reward_magnitudes': 0.014260000549256802,
         'mean_cumulative_rewards': -0.0009800000116229057,
         'research_points': 4.333333492279053,
         'separate_cities_final': 0.0,
         'separate_cities_peak': 1.5,
         'step': 71.0,
         'workers_final': 0.3333333432674408,
         'workers_peak': 1.0},
 'Loss': {'baseline_loss': 0.005316936876624823,
          'entropy_loss': -0.12058841437101364,
          'teacher_kl_loss': 0.0,
          'total_loss': 1.464577078819275,
          'upgo_pg_loss': 0.5834329724311829,
          'vtrace_pg_loss': 0.9964156150817871},
 'Misc': {'learning_rate': 9.898764480000001e-05, 'total_games_played': 25},
 'Teacher_KL_Divergence': {'cart': nan,
                           'city_tile': 0.0,
                           'overall': 0.0,
                           'worker': 0.0}}
[2022-02-22 11:25:47,599][root][INFO] - Steps 3520 @ 191.8 SPS / 3.0 BPS. Stats:
{'Actions': {'cart': {'MOVE': 0.7272727272727273,
                      'NO-OP': 0.2727272727272727,
                      'TRANSFER': 0.0},
             'city_tile': {'BUILD_CART': 0.05,
                           'BUILD_WORKER': 0.0,
                           'NO-OP': 0.6,
                           'RESEARCH': 0.35},
             'worker': {'BUILD_CITY': 0.02857142857142857,
                        'MOVE': 0.8285714285714286,
                        'NO-OP': 0.14285714285714285,
                        'PILLAGE': 0.0,
                        'TRANSFER': 0.0}},
 'Entropy': {'cart': 1.534279465675354,
             'city_tile': 0.7389515042304993,
             'overall': 3.8658401370048523,
             'worker': 1.592609167098999},
 'Env': {'carts_final': 0.0,
         'carts_peak': 0.5,
         'city_tiles_final': 0.5,
         'city_tiles_peak': 1.5,
         'max_cumulative_rewards': 0.02191999927163124,
         'mean_cumulative_reward_magnitudes': 0.021900000050663948,
         'mean_cumulative_rewards': 1.9999999494757503e-05,
         'research_points': 3.5,
         'separate_cities_final': 0.5,
         'separate_cities_peak': 1.5,
         'step': 31.0,
         'workers_final': 0.5,
         'workers_peak': 1.0},
 'Loss': {'baseline_loss': 0.001527763670310378,
          'entropy_loss': -0.14940229058265686,
          'teacher_kl_loss': 0.0,
          'total_loss': -0.19429996609687805,
          'upgo_pg_loss': 0.1229802742600441,
          'vtrace_pg_loss': -0.1694057136774063},
 'Misc': {'learning_rate': 9.898289280000001e-05, 'total_games_played': 37},
 'Teacher_KL_Divergence': {'cart': 0.0,
                           'city_tile': 0.0,
                           'overall': 0.0,
                           'worker': 0.0}}
[2022-02-22 11:25:52,604][root][INFO] - Steps 4544 @ 204.6 SPS / 3.2 BPS. Stats:
{'Actions': {'cart': {'MOVE': nan, 'NO-OP': nan, 'TRANSFER': nan},
             'city_tile': {'BUILD_CART': nan,
                           'BUILD_WORKER': nan,
                           'NO-OP': nan,
                           'RESEARCH': nan},
             'worker': {'BUILD_CITY': nan,
                        'MOVE': nan,
                        'NO-OP': nan,
                        'PILLAGE': nan,
                        'TRANSFER': nan}},
 'Entropy': {'cart': 1.583091378211975,
             'city_tile': 0.9324820637702942,
             'overall': 4.160789668560028,
             'worker': 1.6452162265777588},
 'Env': {'carts_final': nan,
         'carts_peak': nan,
         'city_tiles_final': nan,
         'city_tiles_peak': nan,
         'max_cumulative_rewards': nan,
         'mean_cumulative_reward_magnitudes': nan,
         'mean_cumulative_rewards': nan,
         'research_points': nan,
         'separate_cities_final': nan,
         'separate_cities_peak': nan,
         'step': nan,
         'workers_final': nan,
         'workers_peak': nan},
 'Loss': {'baseline_loss': 9.296394273405895e-05,
          'entropy_loss': -0.1941666603088379,
          'teacher_kl_loss': 0.0,
          'total_loss': -0.11021603643894196,
          'upgo_pg_loss': 0.13583523035049438,
          'vtrace_pg_loss': -0.05197756737470627},
 'Misc': {'learning_rate': 9.897782400000001e-05, 'total_games_played': 46},
 'Teacher_KL_Divergence': {'cart': 0.0,
                           'city_tile': 0.0,
                           'overall': 0.0,
                           'worker': 0.0}}
[2022-02-22 11:25:57,608][root][INFO] - Steps 5504 @ 191.9 SPS / 3.0 BPS. Stats:
{'Actions': {'cart': {'MOVE': nan, 'NO-OP': nan, 'TRANSFER': nan},
             'city_tile': {'BUILD_CART': 0.09090909090909091,
                           'BUILD_WORKER': 0.0,
                           'NO-OP': 0.36363636363636365,
                           'RESEARCH': 0.5454545454545454},
             'worker': {'BUILD_CITY': 0.029411764705882353,
                        'MOVE': 0.8529411764705882,
                        'NO-OP': 0.11764705882352941,
                        'PILLAGE': 0.0,
                        'TRANSFER': 0.0}},
 'Entropy': {'cart': nan,
             'city_tile': 0.7402217984199524,
             'overall': 2.3789102435112,
             'worker': 1.6386884450912476},
 'Env': {'carts_final': 0.0,
         'carts_peak': 0.0,
         'city_tiles_final': 0.0,
         'city_tiles_peak': 1.5,
         'max_cumulative_rewards': -0.001879999996162951,
         'mean_cumulative_reward_magnitudes': 0.001979999942705035,
         'mean_cumulative_rewards': -0.001979999942705035,
         'research_points': 3.0,
         'separate_cities_final': 0.0,
         'separate_cities_peak': 1.5,
         'step': 31.0,
         'workers_final': 0.0,
         'workers_peak': 1.0},
 'Loss': {'baseline_loss': 6.649866554653272e-05,
          'entropy_loss': -0.16894838213920593,
          'teacher_kl_loss': 0.0,
          'total_loss': 0.07537384331226349,
          'upgo_pg_loss': 0.0912003293633461,
          'vtrace_pg_loss': 0.15305539965629578},
 'Misc': {'learning_rate': 9.8973072e-05, 'total_games_played': 60},
 'Teacher_KL_Divergence': {'cart': nan,
                           'city_tile': 0.0,
                           'overall': 0.0,
                           'worker': 0.0}}
[2022-02-22 11:26:02,614][root][INFO] - Steps 6464 @ 191.8 SPS / 3.0 BPS. Stats:
{'Actions': {'cart': {'MOVE': 1.0, 'NO-OP': 0.0, 'TRANSFER': 0.0},
             'city_tile': {'BUILD_CART': 0.03225806451612903,
                           'BUILD_WORKER': 0.06451612903225806,
                           'NO-OP': 0.6451612903225806,
                           'RESEARCH': 0.25806451612903225},
             'worker': {'BUILD_CITY': 0.06349206349206349,
                        'MOVE': 0.746031746031746,
                        'NO-OP': 0.1746031746031746,
                        'PILLAGE': 0.0,
                        'TRANSFER': 0.015873015873015872}},
 'Entropy': {'cart': 1.3509416580200195,
             'city_tile': 0.8553462028503418,
             'overall': 3.7863465547561646,
             'worker': 1.5800586938858032},
 'Env': {'carts_final': 0.0,
         'carts_peak': 0.5,
         'city_tiles_final': 1.5,
         'city_tiles_peak': 2.5,
         'max_cumulative_rewards': 0.03172999992966652,
         'mean_cumulative_reward_magnitudes': 0.026599999517202377,
         'mean_cumulative_rewards': 0.0051299999468028545,
         'research_points': 4.0,
         'separate_cities_final': 1.0,
         'separate_cities_peak': 2.0,
         'step': 32.0,
         'workers_final': 1.0,
         'workers_peak': 2.0},
 'Loss': {'baseline_loss': 0.001589121762663126,
          'entropy_loss': -0.20013883709907532,
          'teacher_kl_loss': 0.0,
          'total_loss': 0.8857735395431519,
          'upgo_pg_loss': 0.4689972400665283,
          'vtrace_pg_loss': 0.615325927734375},
 'Misc': {'learning_rate': 9.896832e-05, 'total_games_played': 75},
 'Teacher_KL_Divergence': {'cart': 0.0,
                           'city_tile': 0.0,
                           'overall': 0.0,
                           'worker': 0.0}}
[2022-02-22 11:26:07,616][root][INFO] - Steps 7424 @ 191.9 SPS / 3.0 BPS. Stats:
{'Actions': {'cart': {'MOVE': nan, 'NO-OP': nan, 'TRANSFER': nan},
             'city_tile': {'BUILD_CART': nan,
                           'BUILD_WORKER': nan,
                           'NO-OP': nan,
                           'RESEARCH': nan},
             'worker': {'BUILD_CITY': nan,
                        'MOVE': nan,
                        'NO-OP': nan,
                        'PILLAGE': nan,
                        'TRANSFER': nan}},
 'Entropy': {'cart': 1.5239958763122559,
             'city_tile': 0.8116492033004761,
             'overall': 3.9380499124526978,
             'worker': 1.6024048328399658},
 'Env': {'carts_final': nan,
         'carts_peak': nan,
         'city_tiles_final': nan,
         'city_tiles_peak': nan,
         'max_cumulative_rewards': nan,
         'mean_cumulative_reward_magnitudes': nan,
         'mean_cumulative_rewards': nan,
         'research_points': nan,
         'separate_cities_final': nan,
         'separate_cities_peak': nan,
         'step': nan,
         'workers_final': nan,
         'workers_peak': nan},
 'Loss': {'baseline_loss': 0.000284400797681883,
          'entropy_loss': -0.1893254667520523,
          'teacher_kl_loss': 0.0,
          'total_loss': -0.44291746616363525,
          'upgo_pg_loss': 0.08531031012535095,
          'vtrace_pg_loss': -0.33918672800064087},
 'Misc': {'learning_rate': 9.8963568e-05, 'total_games_played': 85},
 'Teacher_KL_Divergence': {'cart': 0.0,
                           'city_tile': 0.0,
                           'overall': 0.0,
                           'worker': 0.0}}
[2022-02-22 11:26:12,622][root][INFO] - Steps 8384 @ 191.8 SPS / 3.0 BPS. Stats:
{'Actions': {'cart': {'MOVE': nan, 'NO-OP': nan, 'TRANSFER': nan},
             'city_tile': {'BUILD_CART': 0.0,
                           'BUILD_WORKER': 0.07407407407407407,
                           'NO-OP': 0.2962962962962963,
                           'RESEARCH': 0.6296296296296297},
             'worker': {'BUILD_CITY': 0.03571428571428571,
                        'MOVE': 0.8035714285714286,
                        'NO-OP': 0.16071428571428573,
                        'PILLAGE': 0.0,
                        'TRANSFER': 0.0}},
 'Entropy': {'cart': nan,
             'city_tile': 0.7790696024894714,
             'overall': 2.3459485173225403,
             'worker': 1.5668789148330688},
 'Env': {'carts_final': 0.0,
         'carts_peak': 0.0,
         'city_tiles_final': 0.0,
         'city_tiles_peak': 2.0,
         'max_cumulative_rewards': 0.021970000118017197,
         'mean_cumulative_reward_magnitudes': 0.018799999728798866,
         'mean_cumulative_rewards': 0.003169999923557043,
         'research_points': 8.5,
         'separate_cities_final': 0.0,
         'separate_cities_peak': 2.0,
         'step': 76.0,
         'workers_final': 1.0,
         'workers_peak': 2.0},
 'Loss': {'baseline_loss': 0.0008836039341986179,
          'entropy_loss': -0.10651281476020813,
          'teacher_kl_loss': 0.0,
          'total_loss': 0.0797688215970993,
          'upgo_pg_loss': 0.11177811026573181,
          'vtrace_pg_loss': 0.07361991703510284},
 'Misc': {'learning_rate': 9.895881600000002e-05, 'total_games_played': 98},
 'Teacher_KL_Divergence': {'cart': nan,
                           'city_tile': 0.0,
                           'overall': 0.0,
                           'worker': 0.0}}
[2022-02-22 11:26:17,628][root][INFO] - Steps 9344 @ 191.8 SPS / 3.0 BPS. Stats:
{'Actions': {'cart': {'MOVE': 0.7419354838709677,
                      'NO-OP': 0.22580645161290322,
                      'TRANSFER': 0.03225806451612903},
             'city_tile': {'BUILD_CART': 0.08196721311475409,
                           'BUILD_WORKER': 0.08196721311475409,
                           'NO-OP': 0.4098360655737705,
                           'RESEARCH': 0.4262295081967213},
             'worker': {'BUILD_CITY': 0.03867403314917127,
                        'MOVE': 0.6906077348066298,
                        'NO-OP': 0.24861878453038674,
                        'PILLAGE': 0.016574585635359115,
                        'TRANSFER': 0.0055248618784530384}},
 'Entropy': {'cart': 1.6086775064468384,
             'city_tile': 0.8044047355651855,
             'overall': 4.042757868766785,
             'worker': 1.6296756267547607},
 'Env': {'carts_final': 0.0,
         'carts_peak': 0.75,
         'city_tiles_final': 0.0,
         'city_tiles_peak': 1.5,
         'max_cumulative_rewards': 0.0214649997651577,
         'mean_cumulative_reward_magnitudes': 0.019530000165104866,
         'mean_cumulative_rewards': 0.001934999949298799,
         'research_points': 6.5,
         'separate_cities_final': 0.0,
         'separate_cities_peak': 1.5,
         'step': 75.5,
         'workers_final': 0.5,
         'workers_peak': 1.25},
 'Loss': {'baseline_loss': 0.0023358501493930817,
          'entropy_loss': -0.1632699966430664,
          'teacher_kl_loss': 0.0,
          'total_loss': -0.015430063009262085,
          'upgo_pg_loss': 0.19159945845603943,
          'vtrace_pg_loss': -0.046095363795757294},
 'Misc': {'learning_rate': 9.8954064e-05, 'total_games_played': 109},
 'Teacher_KL_Divergence': {'cart': 0.0,
                           'city_tile': 0.0,
                           'overall': 0.0,
                           'worker': 0.0}}
[2022-02-22 11:26:22,634][root][INFO] - Steps 10240 @ 179.0 SPS / 2.8 BPS. Stats:
{'Actions': {'cart': {'MOVE': nan, 'NO-OP': nan, 'TRANSFER': nan},
             'city_tile': {'BUILD_CART': nan,
                           'BUILD_WORKER': nan,
                           'NO-OP': nan,
                           'RESEARCH': nan},
             'worker': {'BUILD_CITY': nan,
                        'MOVE': nan,
                        'NO-OP': nan,
                        'PILLAGE': nan,
                        'TRANSFER': nan}},
 'Entropy': {'cart': 1.5259779691696167,
             'city_tile': 0.839849054813385,
             'overall': 3.970006048679352,
             'worker': 1.60417902469635},
 'Env': {'carts_final': nan,
         'carts_peak': nan,
         'city_tiles_final': nan,
         'city_tiles_peak': nan,
         'max_cumulative_rewards': nan,
         'mean_cumulative_reward_magnitudes': nan,
         'mean_cumulative_rewards': nan,
         'research_points': nan,
         'separate_cities_final': nan,
         'separate_cities_peak': nan,
         'step': nan,
         'workers_final': nan,
         'workers_peak': nan},
 'Loss': {'baseline_loss': 0.00015432285727001727,
          'entropy_loss': -0.19482441246509552,
          'teacher_kl_loss': 0.0,
          'total_loss': 0.10737256705760956,
          'upgo_pg_loss': 0.1586216390132904,
          'vtrace_pg_loss': 0.14342103898525238},
 'Misc': {'learning_rate': 9.89496288e-05, 'total_games_played': 121},
 'Teacher_KL_Divergence': {'cart': 0.0,
                           'city_tile': 0.0,
                           'overall': 0.0,
                           'worker': 0.0}}
[2022-02-22 11:26:27,640][root][INFO] - Steps 11136 @ 179.0 SPS / 2.8 BPS. Stats:
{'Actions': {'cart': {'MOVE': nan, 'NO-OP': nan, 'TRANSFER': nan},
             'city_tile': {'BUILD_CART': nan,
                           'BUILD_WORKER': nan,
                           'NO-OP': nan,
                           'RESEARCH': nan},
             'worker': {'BUILD_CITY': nan,
                        'MOVE': nan,
                        'NO-OP': nan,
                        'PILLAGE': nan,
                        'TRANSFER': nan}},
 'Entropy': {'cart': 1.6085127592086792,
             'city_tile': 0.822783350944519,
             'overall': 4.079994320869446,
             'worker': 1.6486982107162476},
 'Env': {'carts_final': nan,
         'carts_peak': nan,
         'city_tiles_final': nan,
         'city_tiles_peak': nan,
         'max_cumulative_rewards': nan,
         'mean_cumulative_reward_magnitudes': nan,
         'mean_cumulative_rewards': nan,
         'research_points': nan,
         'separate_cities_final': nan,
         'separate_cities_peak': nan,
         'step': nan,
         'workers_final': nan,
         'workers_peak': nan},
 'Loss': {'baseline_loss': 7.314286631299183e-05,
          'entropy_loss': -0.18094505369663239,
          'teacher_kl_loss': 0.0,
          'total_loss': 0.20388822257518768,
          'upgo_pg_loss': 0.12580128014087677,
          'vtrace_pg_loss': 0.2589588761329651},
 'Misc': {'learning_rate': 9.894519360000001e-05, 'total_games_played': 132},
 'Teacher_KL_Divergence': {'cart': 0.0,
                           'city_tile': 0.0,
                           'overall': 0.0,
                           'worker': 0.0}}
[2022-02-22 11:26:32,646][root][INFO] - Steps 12096 @ 191.8 SPS / 3.0 BPS. Stats:
{'Actions': {'cart': {'MOVE': nan, 'NO-OP': nan, 'TRANSFER': nan},
             'city_tile': {'BUILD_CART': nan,
                           'BUILD_WORKER': nan,
                           'NO-OP': nan,
                           'RESEARCH': nan},
             'worker': {'BUILD_CITY': nan,
                        'MOVE': nan,
                        'NO-OP': nan,
                        'PILLAGE': nan,
                        'TRANSFER': nan}},
 'Entropy': {'cart': 1.6085271835327148,
             'city_tile': 0.6929720640182495,
             'overall': 3.9123260974884033,
             'worker': 1.610826849937439},
 'Env': {'carts_final': nan,
         'carts_peak': nan,
         'city_tiles_final': nan,
         'city_tiles_peak': nan,
         'max_cumulative_rewards': nan,
         'mean_cumulative_reward_magnitudes': nan,
         'mean_cumulative_rewards': nan,
         'research_points': nan,
         'separate_cities_final': nan,
         'separate_cities_peak': nan,
         'step': nan,
         'workers_final': nan,
         'workers_peak': nan},
 'Loss': {'baseline_loss': 2.9668401111848652e-05,
          'entropy_loss': -0.15308114886283875,
          'teacher_kl_loss': 0.0,
          'total_loss': -0.017442479729652405,
          'upgo_pg_loss': 0.04890013486146927,
          'vtrace_pg_loss': 0.08670887351036072},
 'Misc': {'learning_rate': 9.89404416e-05, 'total_games_played': 148},
 'Teacher_KL_Divergence': {'cart': 0.0,
                           'city_tile': 0.0,
                           'overall': 0.0,
                           'worker': 0.0}}
[2022-02-22 11:26:37,649][root][INFO] - Steps 13056 @ 191.9 SPS / 3.0 BPS. Stats:
{'Actions': {'cart': {'MOVE': nan, 'NO-OP': nan, 'TRANSFER': nan},
             'city_tile': {'BUILD_CART': nan,
                           'BUILD_WORKER': nan,
                           'NO-OP': nan,
                           'RESEARCH': nan},
             'worker': {'BUILD_CITY': nan,
                        'MOVE': nan,
                        'NO-OP': nan,
                        'PILLAGE': nan,
                        'TRANSFER': nan}},
 'Entropy': {'cart': 1.5158265829086304,
             'city_tile': 0.6930729746818542,
             'overall': 3.8488436341285706,
             'worker': 1.639944076538086},
 'Env': {'carts_final': nan,
         'carts_peak': nan,
         'city_tiles_final': nan,
         'city_tiles_peak': nan,
         'max_cumulative_rewards': nan,
         'mean_cumulative_reward_magnitudes': nan,
         'mean_cumulative_rewards': nan,
         'research_points': nan,
         'separate_cities_final': nan,
         'separate_cities_peak': nan,
         'step': nan,
         'workers_final': nan,
         'workers_peak': nan},
 'Loss': {'baseline_loss': 0.00011975083907600492,
          'entropy_loss': -0.15927396714687347,
          'teacher_kl_loss': 0.0,
          'total_loss': 0.016849085688591003,
          'upgo_pg_loss': 0.06024188548326492,
          'vtrace_pg_loss': 0.1157614216208458},
 'Misc': {'learning_rate': 9.89356896e-05, 'total_games_played': 161},
 'Teacher_KL_Divergence': {'cart': 0.0,
                           'city_tile': 0.0,
                           'overall': 0.0,
                           'worker': 0.0}}
[2022-02-22 11:26:42,654][root][INFO] - Steps 13888 @ 166.2 SPS / 2.6 BPS. Stats:
{'Actions': {'cart': {'MOVE': nan, 'NO-OP': nan, 'TRANSFER': nan},
             'city_tile': {'BUILD_CART': 0.0,
                           'BUILD_WORKER': 0.12,
                           'NO-OP': 0.4,
                           'RESEARCH': 0.48},
             'worker': {'BUILD_CITY': 0.06349206349206349,
                        'MOVE': 0.7936507936507936,
                        'NO-OP': 0.14285714285714285,
                        'PILLAGE': 0.0,
                        'TRANSFER': 0.0}},
 'Entropy': {'cart': nan,
             'city_tile': 1.0392072200775146,
             'overall': 2.647622227668762,
             'worker': 1.6084150075912476},
 'Env': {'carts_final': 0.0,
         'carts_peak': 0.0,
         'city_tiles_final': 1.0,
         'city_tiles_peak': 3.0,
         'max_cumulative_rewards': 0.027569999918341637,
         'mean_cumulative_reward_magnitudes': 0.02370000071823597,
         'mean_cumulative_rewards': 0.003869999898597598,
         'research_points': 6.0,
         'separate_cities_final': 1.0,
         'separate_cities_peak': 3.0,
         'step': 36.0,
         'workers_final': 1.0,
         'workers_peak': 2.0},
 'Loss': {'baseline_loss': 0.0014653176767751575,
          'entropy_loss': -0.14208370447158813,
          'teacher_kl_loss': 0.0,
          'total_loss': -0.22221598029136658,
          'upgo_pg_loss': 0.07924465090036392,
          'vtrace_pg_loss': -0.16084223985671997},
 'Misc': {'learning_rate': 9.893157120000001e-05, 'total_games_played': 170},
 'Teacher_KL_Divergence': {'cart': nan,
                           'city_tile': 0.0,
                           'overall': 0.0,
                           'worker': 0.0}}
[2022-02-22 11:26:47,660][root][INFO] - Steps 14848 @ 191.8 SPS / 3.0 BPS. Stats:
{'Actions': {'cart': {'MOVE': 1.0, 'NO-OP': 0.0, 'TRANSFER': 0.0},
             'city_tile': {'BUILD_CART': 0.06666666666666667,
                           'BUILD_WORKER': 0.0,
                           'NO-OP': 0.5333333333333333,
                           'RESEARCH': 0.4},
             'worker': {'BUILD_CITY': 0.027777777777777776,
                        'MOVE': 0.75,
                        'NO-OP': 0.2222222222222222,
                        'PILLAGE': 0.0,
                        'TRANSFER': 0.0}},
 'Entropy': {'cart': 1.6084362268447876,
             'city_tile': 0.9318506717681885,
             'overall': 4.105297923088074,
             'worker': 1.5650110244750977},
 'Env': {'carts_final': 0.0,
         'carts_peak': 0.25,
         'city_tiles_final': 0.0,
         'city_tiles_peak': 1.5,
         'max_cumulative_rewards': 0.00851999968290329,
         'mean_cumulative_reward_magnitudes': 0.01129000075161457,
         'mean_cumulative_rewards': -0.0017300000181421638,
         'research_points': 3.0,
         'separate_cities_final': 0.0,
         'separate_cities_peak': 1.5,
         'step': 31.0,
         'workers_final': 0.25,
         'workers_peak': 1.0},
 'Loss': {'baseline_loss': 0.0012685448164120317,
          'entropy_loss': -0.14296476542949677,
          'teacher_kl_loss': 0.0,
          'total_loss': -0.30633482336997986,
          'upgo_pg_loss': 0.09932395070791245,
          'vtrace_pg_loss': -0.2639625668525696},
 'Misc': {'learning_rate': 9.892681920000001e-05, 'total_games_played': 183},
 'Teacher_KL_Divergence': {'cart': 0.0,
                           'city_tile': 0.0,
                           'overall': 0.0,
                           'worker': 0.0}}
[2022-02-22 11:26:52,664][root][INFO] - Steps 15808 @ 191.9 SPS / 3.0 BPS. Stats:
{'Actions': {'cart': {'MOVE': 0.7857142857142857,
                      'NO-OP': 0.21428571428571427,
                      'TRANSFER': 0.0},
             'city_tile': {'BUILD_CART': 0.10256410256410256,
                           'BUILD_WORKER': 0.07692307692307693,
                           'NO-OP': 0.48717948717948717,
                           'RESEARCH': 0.3333333333333333},
             'worker': {'BUILD_CITY': 0.0660377358490566,
                        'MOVE': 0.7169811320754716,
                        'NO-OP': 0.1792452830188679,
                        'PILLAGE': 0.03773584905660377,
                        'TRANSFER': 0.0}},
 'Entropy': {'cart': 1.4751315116882324,
             'city_tile': 0.8315675854682922,
             'overall': 3.919066369533539,
             'worker': 1.6123672723770142},
 'Env': {'carts_final': 0.0,
         'carts_peak': 1.5,
         'city_tiles_final': 0.0,
         'city_tiles_peak': 2.5,
         'max_cumulative_rewards': 0.02428000047802925,
         'mean_cumulative_reward_magnitudes': 0.021870000287890434,
         'mean_cumulative_rewards': 0.002409999957308173,
         'research_points': 6.5,
         'separate_cities_final': 0.0,
         'separate_cities_peak': 2.5,
         'step': 73.0,
         'workers_final': 1.0,
         'workers_peak': 1.5},
 'Loss': {'baseline_loss': 0.001294423476792872,
          'entropy_loss': -0.15460877120494843,
          'teacher_kl_loss': 0.0,
          'total_loss': -0.23885568976402283,
          'upgo_pg_loss': 0.06737172603607178,
          'vtrace_pg_loss': -0.15291307866573334},
 'Misc': {'learning_rate': 9.89220672e-05, 'total_games_played': 201},
 'Teacher_KL_Divergence': {'cart': 0.0,
                           'city_tile': 0.0,
                           'overall': 0.0,
                           'worker': 0.0}}
[2022-02-22 11:26:57,666][root][INFO] - Steps 16704 @ 179.2 SPS / 2.8 BPS. Stats:
{'Actions': {'cart': {'MOVE': 0.8, 'NO-OP': 0.2, 'TRANSFER': 0.0},
             'city_tile': {'BUILD_CART': 0.0625,
                           'BUILD_WORKER': 0.025,
                           'NO-OP': 0.475,
                           'RESEARCH': 0.4375},
             'worker': {'BUILD_CITY': 0.03501945525291829,
                        'MOVE': 0.6809338521400778,
                        'NO-OP': 0.2723735408560311,
                        'PILLAGE': 0.0038910505836575876,
                        'TRANSFER': 0.007782101167315175}},
 'Entropy': {'cart': nan,
             'city_tile': 0.7700614929199219,
             'overall': 2.375763416290283,
             'worker': 1.6057019233703613},
 'Env': {'carts_final': 0.0,
         'carts_peak': 0.75,
         'city_tiles_final': 0.75,
         'city_tiles_peak': 2.25,
         'max_cumulative_rewards': 0.03292499855160713,
         'mean_cumulative_reward_magnitudes': 0.02640249952673912,
         'mean_cumulative_rewards': 0.006522499956190586,
         'research_points': 8.75,
         'separate_cities_final': 0.75,
         'separate_cities_peak': 2.0,
         'step': 91.0,
         'workers_final': 0.75,
         'workers_peak': 1.25},
 'Loss': {'baseline_loss': 0.0014904069248586893,
          'entropy_loss': -0.14603641629219055,
          'teacher_kl_loss': 0.0,
          'total_loss': 0.2849567234516144,
          'upgo_pg_loss': 0.17844127118587494,
          'vtrace_pg_loss': 0.25106143951416016},
 'Misc': {'learning_rate': 9.891763200000001e-05, 'total_games_played': 210},
 'Teacher_KL_Divergence': {'cart': nan,
                           'city_tile': 0.0,
                           'overall': 0.0,
                           'worker': 0.0}}
[2022-02-22 11:27:02,672][root][INFO] - Steps 17664 @ 191.8 SPS / 3.0 BPS. Stats:
{'Actions': {'cart': {'MOVE': 0.8461538461538461,
                      'NO-OP': 0.15384615384615385,
                      'TRANSFER': 0.0},
             'city_tile': {'BUILD_CART': 0.058823529411764705,
                           'BUILD_WORKER': 0.029411764705882353,
                           'NO-OP': 0.5294117647058824,
                           'RESEARCH': 0.38235294117647056},
             'worker': {'BUILD_CITY': 0.04597701149425287,
                        'MOVE': 0.8045977011494253,
                        'NO-OP': 0.14942528735632185,
                        'PILLAGE': 0.0,
                        'TRANSFER': 0.0}},
 'Entropy': {'cart': 1.4416552782058716,
             'city_tile': 0.7508180737495422,
             'overall': 3.8182920813560486,
             'worker': 1.6258187294006348},
 'Env': {'carts_final': 0.0,
         'carts_peak': 0.5,
         'city_tiles_final': 0.5,
         'city_tiles_peak': 2.0,
         'max_cumulative_rewards': 0.02491999976336956,
         'mean_cumulative_reward_magnitudes': 0.022099999710917473,
         'mean_cumulative_rewards': 0.0028200000524520874,
         'research_points': 6.5,
         'separate_cities_final': 0.5,
         'separate_cities_peak': 2.0,
         'step': 71.0,
         'workers_final': 0.0,
         'workers_peak': 1.5},
 'Loss': {'baseline_loss': 0.0008854164043441415,
          'entropy_loss': -0.1529710441827774,
          'teacher_kl_loss': 0.0,
          'total_loss': -0.12194940447807312,
          'upgo_pg_loss': 0.06896518915891647,
          'vtrace_pg_loss': -0.03882896527647972},
 'Misc': {'learning_rate': 9.891288000000001e-05, 'total_games_played': 225},
 'Teacher_KL_Divergence': {'cart': 0.0,
                           'city_tile': 0.0,
                           'overall': 0.0,
                           'worker': 0.0}}
[2022-02-22 11:27:07,676][root][INFO] - Steps 18560 @ 179.1 SPS / 2.8 BPS. Stats:
{'Actions': {'cart': {'MOVE': nan, 'NO-OP': nan, 'TRANSFER': nan},
             'city_tile': {'BUILD_CART': nan,
                           'BUILD_WORKER': nan,
                           'NO-OP': nan,
                           'RESEARCH': nan},
             'worker': {'BUILD_CITY': nan,
                        'MOVE': nan,
                        'NO-OP': nan,
                        'PILLAGE': nan,
                        'TRANSFER': nan}},
 'Entropy': {'cart': 1.5525844097137451,
             'city_tile': 0.78738933801651,
             'overall': 3.9613816142082214,
             'worker': 1.6214078664779663},
 'Env': {'carts_final': nan,
         'carts_peak': nan,
         'city_tiles_final': nan,
         'city_tiles_peak': nan,
         'max_cumulative_rewards': nan,
         'mean_cumulative_reward_magnitudes': nan,
         'mean_cumulative_rewards': nan,
         'research_points': nan,
         'separate_cities_final': nan,
         'separate_cities_peak': nan,
         'step': nan,
         'workers_final': nan,
         'workers_peak': nan},
 'Loss': {'baseline_loss': 0.00010849827958736569,
          'entropy_loss': -0.1289244294166565,
          'teacher_kl_loss': 0.0,
          'total_loss': -0.2155705988407135,
          'upgo_pg_loss': 0.027085276320576668,
          'vtrace_pg_loss': -0.11383993178606033},
 'Misc': {'learning_rate': 9.89084448e-05, 'total_games_played': 235},
 'Teacher_KL_Divergence': {'cart': 0.0,
                           'city_tile': 0.0,
                           'overall': 0.0,
                           'worker': 0.0}}
[2022-02-22 11:27:12,682][root][INFO] - Steps 19520 @ 191.8 SPS / 3.0 BPS. Stats:
{'Actions': {'cart': {'MOVE': nan, 'NO-OP': nan, 'TRANSFER': nan},
             'city_tile': {'BUILD_CART': nan,
                           'BUILD_WORKER': nan,
                           'NO-OP': nan,
                           'RESEARCH': nan},
             'worker': {'BUILD_CITY': nan,
                        'MOVE': nan,
                        'NO-OP': nan,
                        'PILLAGE': nan,
                        'TRANSFER': nan}},
 'Entropy': {'cart': 1.497002124786377,
             'city_tile': 0.9035435318946838,
             'overall': 4.020277202129364,
             'worker': 1.6197315454483032},
 'Env': {'carts_final': nan,
         'carts_peak': nan,
         'city_tiles_final': nan,
         'city_tiles_peak': nan,
         'max_cumulative_rewards': nan,
         'mean_cumulative_reward_magnitudes': nan,
         'mean_cumulative_rewards': nan,
         'research_points': nan,
         'separate_cities_final': nan,
         'separate_cities_peak': nan,
         'step': nan,
         'workers_final': nan,
         'workers_peak': nan},
 'Loss': {'baseline_loss': 0.0001230800844496116,
          'entropy_loss': -0.17279082536697388,
          'teacher_kl_loss': 0.0,
          'total_loss': -0.43158161640167236,
          'upgo_pg_loss': 0.03279329836368561,
          'vtrace_pg_loss': -0.2917071580886841},
 'Misc': {'learning_rate': 9.89036928e-05, 'total_games_played': 248},
 'Teacher_KL_Divergence': {'cart': 0.0,
                           'city_tile': 0.0,
                           'overall': 0.0,
                           'worker': 0.0}}
[2022-02-22 11:27:17,688][root][INFO] - Steps 20416 @ 179.0 SPS / 2.8 BPS. Stats:
{'Actions': {'cart': {'MOVE': 0.5, 'NO-OP': 0.5, 'TRANSFER': 0.0},
             'city_tile': {'BUILD_CART': 0.07692307692307693,
                           'BUILD_WORKER': 0.0,
                           'NO-OP': 0.3076923076923077,
                           'RESEARCH': 0.6153846153846154},
             'worker': {'BUILD_CITY': 0.025,
                        'MOVE': 0.725,
                        'NO-OP': 0.25,
                        'PILLAGE': 0.0,
                        'TRANSFER': 0.0}},
 'Entropy': {'cart': 1.5926328897476196,
             'city_tile': 0.6926663517951965,
             'overall': 3.87043958902359,
             'worker': 1.585140347480774},
 'Env': {'carts_final': 0.0,
         'carts_peak': 0.5,
         'city_tiles_final': 0.0,
         'city_tiles_peak': 1.5,
         'max_cumulative_rewards': 0.020169999450445175,
         'mean_cumulative_reward_magnitudes': 0.020400000736117363,
         'mean_cumulative_rewards': -0.0002300000051036477,
         'research_points': 4.0,
         'separate_cities_final': 0.0,
         'separate_cities_peak': 1.5,
         'step': 36.0,
         'workers_final': 0.5,
         'workers_peak': 1.0},
 'Loss': {'baseline_loss': 0.0009578777244314551,
          'entropy_loss': -0.13561441004276276,
          'teacher_kl_loss': 0.0,
          'total_loss': -0.216805100440979,
          'upgo_pg_loss': 0.033420540392398834,
          'vtrace_pg_loss': -0.1155691146850586},
 'Misc': {'learning_rate': 9.889925760000001e-05, 'total_games_played': 258},
 'Teacher_KL_Divergence': {'cart': 0.0,
                           'city_tile': 0.0,
                           'overall': 0.0,
                           'worker': 0.0}}
[2022-02-22 11:27:22,694][root][INFO] - Steps 21312 @ 179.0 SPS / 2.8 BPS. Stats:
{'Actions': {'cart': {'MOVE': nan, 'NO-OP': nan, 'TRANSFER': nan},
             'city_tile': {'BUILD_CART': nan,
                           'BUILD_WORKER': nan,
                           'NO-OP': nan,
                           'RESEARCH': nan},
             'worker': {'BUILD_CITY': nan,
                        'MOVE': nan,
                        'NO-OP': nan,
                        'PILLAGE': nan,
                        'TRANSFER': nan}},
 'Entropy': {'cart': 1.519421100616455,
             'city_tile': 0.881848931312561,
             'overall': 4.01357626914978,
             'worker': 1.6123062372207642},
 'Env': {'carts_final': nan,
         'carts_peak': nan,
         'city_tiles_final': nan,
         'city_tiles_peak': nan,
         'max_cumulative_rewards': nan,
         'mean_cumulative_reward_magnitudes': nan,
         'mean_cumulative_rewards': nan,
         'research_points': nan,
         'separate_cities_final': nan,
         'separate_cities_peak': nan,
         'step': nan,
         'workers_final': nan,
         'workers_peak': nan},
 'Loss': {'baseline_loss': 6.16596225881949e-05,
          'entropy_loss': -0.15759457647800446,
          'teacher_kl_loss': 0.0,
          'total_loss': -0.03305777907371521,
          'upgo_pg_loss': 0.07565932720899582,
          'vtrace_pg_loss': 0.048815809190273285},
 'Misc': {'learning_rate': 9.889482240000001e-05, 'total_games_played': 273},
 'Teacher_KL_Divergence': {'cart': 0.0,
                           'city_tile': 0.0,
                           'overall': 0.0,
                           'worker': 0.0}}
[2022-02-22 11:27:27,700][root][INFO] - Steps 22272 @ 191.8 SPS / 3.0 BPS. Stats:
{'Actions': {'cart': {'MOVE': nan, 'NO-OP': nan, 'TRANSFER': nan},
             'city_tile': {'BUILD_CART': 0.0,
                           'BUILD_WORKER': 0.0625,
                           'NO-OP': 0.5625,
                           'RESEARCH': 0.375},
             'worker': {'BUILD_CITY': 0.023255813953488372,
                        'MOVE': 0.7209302325581395,
                        'NO-OP': 0.2558139534883721,
                        'PILLAGE': 0.0,
                        'TRANSFER': 0.0}},
 'Entropy': {'cart': 1.5527241230010986,
             'city_tile': 0.9238916039466858,
             'overall': 4.107690513134003,
             'worker': 1.6310747861862183},
 'Env': {'carts_final': 0.0,
         'carts_peak': 0.0,
         'city_tiles_final': 0.5,
         'city_tiles_peak': 1.5,
         'max_cumulative_rewards': 0.024529999122023582,
         'mean_cumulative_reward_magnitudes': 0.023099999874830246,
         'mean_cumulative_rewards': 0.0014299999456852674,
         'research_points': 3.0,
         'separate_cities_final': 0.5,
         'separate_cities_peak': 1.5,
         'step': 32.0,
         'workers_final': 0.5,
         'workers_peak': 1.5},
 'Loss': {'baseline_loss': 0.0014689823146909475,
          'entropy_loss': -0.2088301181793213,
          'teacher_kl_loss': 0.0,
          'total_loss': 0.07796058058738708,
          'upgo_pg_loss': 0.2027132213115692,
          'vtrace_pg_loss': 0.08260848373174667},
 'Misc': {'learning_rate': 9.88900704e-05, 'total_games_played': 283},
 'Teacher_KL_Divergence': {'cart': 0.0,
                           'city_tile': 0.0,
                           'overall': 0.0,
                           'worker': 0.0}}
[2022-02-22 11:27:32,706][root][INFO] - Steps 23232 @ 191.8 SPS / 3.0 BPS. Stats:
{'Actions': {'cart': {'MOVE': nan, 'NO-OP': nan, 'TRANSFER': nan},
             'city_tile': {'BUILD_CART': nan,
                           'BUILD_WORKER': nan,
                           'NO-OP': nan,
                           'RESEARCH': nan},
             'worker': {'BUILD_CITY': nan,
                        'MOVE': nan,
                        'NO-OP': nan,
                        'PILLAGE': nan,
                        'TRANSFER': nan}},
 'Entropy': {'cart': nan,
             'city_tile': 0.7363541126251221,
             'overall': 2.3329546451568604,
             'worker': 1.5966005325317383},
 'Env': {'carts_final': nan,
         'carts_peak': nan,
         'city_tiles_final': nan,
         'city_tiles_peak': nan,
         'max_cumulative_rewards': nan,
         'mean_cumulative_reward_magnitudes': nan,
         'mean_cumulative_rewards': nan,
         'research_points': nan,
         'separate_cities_final': nan,
         'separate_cities_peak': nan,
         'step': nan,
         'workers_final': nan,
         'workers_peak': nan},
 'Loss': {'baseline_loss': 9.781852713786066e-05,
          'entropy_loss': -0.1650553196668625,
          'teacher_kl_loss': 0.0,
          'total_loss': 0.08775307238101959,
          'upgo_pg_loss': 0.0787084698677063,
          'vtrace_pg_loss': 0.17400211095809937},
 'Misc': {'learning_rate': 9.888531840000001e-05, 'total_games_played': 297},
 'Teacher_KL_Divergence': {'cart': nan,
                           'city_tile': 0.0,
                           'overall': 0.0,
                           'worker': 0.0}}
[2022-02-22 11:27:37,712][root][INFO] - Steps 24128 @ 179.0 SPS / 2.8 BPS. Stats:
{'Actions': {'cart': {'MOVE': nan, 'NO-OP': nan, 'TRANSFER': nan},
             'city_tile': {'BUILD_CART': 0.0,
                           'BUILD_WORKER': 0.0,
                           'NO-OP': 0.46153846153846156,
                           'RESEARCH': 0.5384615384615384},
             'worker': {'BUILD_CITY': 0.025,
                        'MOVE': 0.625,
                        'NO-OP': 0.35,
                        'PILLAGE': 0.0,
                        'TRANSFER': 0.0}},
 'Entropy': {'cart': 1.5634257793426514,
             'city_tile': 0.9444001913070679,
             'overall': 4.145279169082642,
             'worker': 1.6374531984329224},
 'Env': {'carts_final': 0.0,
         'carts_peak': 0.0,
         'city_tiles_final': 0.0,
         'city_tiles_peak': 1.0,
         'max_cumulative_rewards': 0.019349999725818634,
         'mean_cumulative_reward_magnitudes': 0.02019999921321869,
         'mean_cumulative_rewards': -0.0008500000112690032,
         'research_points': 3.5,
         'separate_cities_final': 0.0,
         'separate_cities_peak': 1.0,
         'step': 34.0,
         'workers_final': 0.5,
         'workers_peak': 1.0},
 'Loss': {'baseline_loss': 0.0013332308735698462,
          'entropy_loss': -0.18307822942733765,
          'teacher_kl_loss': 0.0,
          'total_loss': 0.035888731479644775,
          'upgo_pg_loss': 0.13866807520389557,
          'vtrace_pg_loss': 0.07896564900875092},
 'Misc': {'learning_rate': 9.888088320000001e-05, 'total_games_played': 313},
 'Teacher_KL_Divergence': {'cart': 0.0,
                           'city_tile': 0.0,
                           'overall': 0.0,
                           'worker': 0.0}}
[2022-02-22 11:27:42,718][root][INFO] - Steps 25088 @ 191.8 SPS / 3.0 BPS. Stats:
{'Actions': {'cart': {'MOVE': 0.9, 'NO-OP': 0.1, 'TRANSFER': 0.0},
             'city_tile': {'BUILD_CART': 0.1875,
                           'BUILD_WORKER': 0.0,
                           'NO-OP': 0.25,
                           'RESEARCH': 0.5625},
             'worker': {'BUILD_CITY': 0.05263157894736842,
                        'MOVE': 0.6842105263157895,
                        'NO-OP': 0.2631578947368421,
                        'PILLAGE': 0.0,
                        'TRANSFER': 0.0}},
 'Entropy': {'cart': 1.607181429862976,
             'city_tile': 0.8188425302505493,
             'overall': 4.016874074935913,
             'worker': 1.5908501148223877},
 'Env': {'carts_final': 0.0,
         'carts_peak': 1.0,
         'city_tiles_final': 0.0,
         'city_tiles_peak': 2.0,
         'max_cumulative_rewards': 0.01972999982535839,
         'mean_cumulative_reward_magnitudes': 0.020600000396370888,
         'mean_cumulative_rewards': -0.0008699999889358878,
         'research_points': 4.5,
         'separate_cities_final': 0.0,
         'separate_cities_peak': 1.5,
         'step': 32.0,
         'workers_final': 0.5,
         'workers_peak': 1.0},
 'Loss': {'baseline_loss': 0.0012876540422439575,
          'entropy_loss': -0.17998841404914856,
          'teacher_kl_loss': 0.0,
          'total_loss': -0.1677246242761612,
          'upgo_pg_loss': 0.1529388725757599,
          'vtrace_pg_loss': -0.14196273684501648},
 'Misc': {'learning_rate': 9.88761312e-05, 'total_games_played': 326},
 'Teacher_KL_Divergence': {'cart': 0.0,
                           'city_tile': 0.0,
                           'overall': 0.0,
                           'worker': 0.0}}
[2022-02-22 11:27:47,724][root][INFO] - Steps 26048 @ 191.8 SPS / 3.0 BPS. Stats:
{'Actions': {'cart': {'MOVE': nan, 'NO-OP': nan, 'TRANSFER': nan},
             'city_tile': {'BUILD_CART': nan,
                           'BUILD_WORKER': nan,
                           'NO-OP': nan,
                           'RESEARCH': nan},
             'worker': {'BUILD_CITY': nan,
                        'MOVE': nan,
                        'NO-OP': nan,
                        'PILLAGE': nan,
                        'TRANSFER': nan}},
 'Entropy': {'cart': 1.5565540790557861,
             'city_tile': 1.0534347295761108,
             'overall': 4.179393768310547,
             'worker': 1.56940495967865},
 'Env': {'carts_final': nan,
         'carts_peak': nan,
         'city_tiles_final': nan,
         'city_tiles_peak': nan,
         'max_cumulative_rewards': nan,
         'mean_cumulative_reward_magnitudes': nan,
         'mean_cumulative_rewards': nan,
         'research_points': nan,
         'separate_cities_final': nan,
         'separate_cities_peak': nan,
         'step': nan,
         'workers_final': nan,
         'workers_peak': nan},
 'Loss': {'baseline_loss': 0.00010512890730751678,
          'entropy_loss': -0.18558216094970703,
          'teacher_kl_loss': 0.0,
          'total_loss': -0.3856886327266693,
          'upgo_pg_loss': 0.08894608914852142,
          'vtrace_pg_loss': -0.2891576886177063},
 'Misc': {'learning_rate': 9.887137920000001e-05, 'total_games_played': 343},
 'Teacher_KL_Divergence': {'cart': 0.0,
                           'city_tile': 0.0,
                           'overall': 0.0,
                           'worker': 0.0}}
[2022-02-22 11:27:52,730][root][INFO] - Steps 27008 @ 191.8 SPS / 3.0 BPS. Stats:
{'Actions': {'cart': {'MOVE': 0.6666666666666666,
                      'NO-OP': 0.2777777777777778,
                      'TRANSFER': 0.05555555555555555},
             'city_tile': {'BUILD_CART': 0.08695652173913043,
                           'BUILD_WORKER': 0.08695652173913043,
                           'NO-OP': 0.391304347826087,
                           'RESEARCH': 0.43478260869565216},
             'worker': {'BUILD_CITY': 0.07692307692307693,
                        'MOVE': 0.6538461538461539,
                        'NO-OP': 0.25,
                        'PILLAGE': 0.0,
                        'TRANSFER': 0.019230769230769232}},
 'Entropy': {'cart': 1.4638311862945557,
             'city_tile': 0.8800853490829468,
             'overall': 3.8667713403701782,
             'worker': 1.5228548049926758},
 'Env': {'carts_final': 0.0,
         'carts_peak': 0.5,
         'city_tiles_final': 1.0,
         'city_tiles_peak': 2.5,
         'max_cumulative_rewards': 0.02686000056564808,
         'mean_cumulative_reward_magnitudes': 0.023350000381469727,
         'mean_cumulative_rewards': 0.0035099999513477087,
         'research_points': 5.0,
         'separate_cities_final': 1.0,
         'separate_cities_peak': 2.5,
         'step': 35.0,
         'workers_final': 1.0,
         'workers_peak': 2.0},
 'Loss': {'baseline_loss': 0.0014815155882388353,
          'entropy_loss': -0.152959942817688,
          'teacher_kl_loss': 0.0,
          'total_loss': -0.22521403431892395,
          'upgo_pg_loss': 0.11290570348501205,
          'vtrace_pg_loss': -0.18664130568504333},
 'Misc': {'learning_rate': 9.886662720000001e-05, 'total_games_played': 354},
 'Teacher_KL_Divergence': {'cart': 0.0,
                           'city_tile': 0.0,
                           'overall': 0.0,
                           'worker': 0.0}}
[2022-02-22 11:27:57,732][root][INFO] - Steps 27968 @ 191.9 SPS / 3.0 BPS. Stats:
{'Actions': {'cart': {'MOVE': nan, 'NO-OP': nan, 'TRANSFER': nan},
             'city_tile': {'BUILD_CART': nan,
                           'BUILD_WORKER': nan,
                           'NO-OP': nan,
                           'RESEARCH': nan},
             'worker': {'BUILD_CITY': nan,
                        'MOVE': nan,
                        'NO-OP': nan,
                        'PILLAGE': nan,
                        'TRANSFER': nan}},
 'Entropy': {'cart': 1.5980238914489746,
             'city_tile': 1.0192198753356934,
             'overall': 4.225891828536987,
             'worker': 1.6086480617523193},
 'Env': {'carts_final': nan,
         'carts_peak': nan,
         'city_tiles_final': nan,
         'city_tiles_peak': nan,
         'max_cumulative_rewards': nan,
         'mean_cumulative_reward_magnitudes': nan,
         'mean_cumulative_rewards': nan,
         'research_points': nan,
         'separate_cities_final': nan,
         'separate_cities_peak': nan,
         'step': nan,
         'workers_final': nan,
         'workers_peak': nan},
 'Loss': {'baseline_loss': 5.274069553706795e-05,
          'entropy_loss': -0.13839450478553772,
          'teacher_kl_loss': 0.0,
          'total_loss': 0.042728304862976074,
          'upgo_pg_loss': 0.07077974081039429,
          'vtrace_pg_loss': 0.11029033362865448},
 'Misc': {'learning_rate': 9.886187520000001e-05, 'total_games_played': 362},
 'Teacher_KL_Divergence': {'cart': 0.0,
                           'city_tile': 0.0,
                           'overall': 0.0,
                           'worker': 0.0}}
[2022-02-22 11:28:02,736][root][INFO] - Steps 28928 @ 191.9 SPS / 3.0 BPS. Stats:
{'Actions': {'cart': {'MOVE': 0.8333333333333334,
                      'NO-OP': 0.16666666666666666,
                      'TRANSFER': 0.0},
             'city_tile': {'BUILD_CART': 0.06593406593406594,
                           'BUILD_WORKER': 0.01098901098901099,
                           'NO-OP': 0.4725274725274725,
                           'RESEARCH': 0.45054945054945056},
             'worker': {'BUILD_CITY': 0.04657534246575343,
                        'MOVE': 0.7424657534246575,
                        'NO-OP': 0.18356164383561643,
                        'PILLAGE': 0.021917808219178082,
                        'TRANSFER': 0.005479452054794521}},
 'Entropy': {'cart': 1.5930354595184326,
             'city_tile': 0.8080413937568665,
             'overall': 4.0190683007240295,
             'worker': 1.6179914474487305},
 'Env': {'carts_final': 0.0,
         'carts_peak': 0.75,
         'city_tiles_final': 0.5,
         'city_tiles_peak': 2.0,
         'max_cumulative_rewards': 0.014925000257790089,
         'mean_cumulative_reward_magnitudes': 0.010639999993145466,
         'mean_cumulative_rewards': 0.005224999971687794,
         'research_points': 10.25,
         'separate_cities_final': 0.25,
         'separate_cities_peak': 1.75,
         'step': 131.5,
         'workers_final': 0.0,
         'workers_peak': 1.25},
 'Loss': {'baseline_loss': 0.0017095794901251793,
          'entropy_loss': -0.19401130080223083,
          'teacher_kl_loss': 0.0,
          'total_loss': 0.16204652190208435,
          'upgo_pg_loss': 0.19992175698280334,
          'vtrace_pg_loss': 0.15442650020122528},
 'Misc': {'learning_rate': 9.88571232e-05, 'total_games_played': 377},
 'Teacher_KL_Divergence': {'cart': 0.0,
                           'city_tile': 0.0,
                           'overall': 0.0,
                           'worker': 0.0}}
[2022-02-22 11:28:07,740][root][INFO] - Steps 29888 @ 191.9 SPS / 3.0 BPS. Stats:
{'Actions': {'cart': {'MOVE': nan, 'NO-OP': nan, 'TRANSFER': nan},
             'city_tile': {'BUILD_CART': nan,
                           'BUILD_WORKER': nan,
                           'NO-OP': nan,
                           'RESEARCH': nan},
             'worker': {'BUILD_CITY': nan,
                        'MOVE': nan,
                        'NO-OP': nan,
                        'PILLAGE': nan,
                        'TRANSFER': nan}},
 'Entropy': {'cart': 1.5752029418945312,
             'city_tile': 0.8565792441368103,
             'overall': 4.067369043827057,
             'worker': 1.6355868577957153},
 'Env': {'carts_final': nan,
         'carts_peak': nan,
         'city_tiles_final': nan,
         'city_tiles_peak': nan,
         'max_cumulative_rewards': nan,
         'mean_cumulative_reward_magnitudes': nan,
         'mean_cumulative_rewards': nan,
         'research_points': nan,
         'separate_cities_final': nan,
         'separate_cities_peak': nan,
         'step': nan,
         'workers_final': nan,
         'workers_peak': nan},
 'Loss': {'baseline_loss': 0.0003161205386277288,
          'entropy_loss': -0.21778489649295807,
          'teacher_kl_loss': 0.0,
          'total_loss': -0.4429158568382263,
          'upgo_pg_loss': 0.0982261374592781,
          'vtrace_pg_loss': -0.32367318868637085},
 'Misc': {'learning_rate': 9.88523712e-05, 'total_games_played': 386},
 'Teacher_KL_Divergence': {'cart': 0.0,
                           'city_tile': 0.0,
                           'overall': 0.0,
                           'worker': 0.0}}
[2022-02-22 11:28:12,746][root][INFO] - Steps 30848 @ 191.8 SPS / 3.0 BPS. Stats:
{'Actions': {'cart': {'MOVE': nan, 'NO-OP': nan, 'TRANSFER': nan},
             'city_tile': {'BUILD_CART': nan,
                           'BUILD_WORKER': nan,
                           'NO-OP': nan,
                           'RESEARCH': nan},
             'worker': {'BUILD_CITY': nan,
                        'MOVE': nan,
                        'NO-OP': nan,
                        'PILLAGE': nan,
                        'TRANSFER': nan}},
 'Entropy': {'cart': nan,
             'city_tile': 0.6866132020950317,
             'overall': 2.299288511276245,
             'worker': 1.6126753091812134},
 'Env': {'carts_final': nan,
         'carts_peak': nan,
         'city_tiles_final': nan,
         'city_tiles_peak': nan,
         'max_cumulative_rewards': nan,
         'mean_cumulative_reward_magnitudes': nan,
         'mean_cumulative_rewards': nan,
         'research_points': nan,
         'separate_cities_final': nan,
         'separate_cities_peak': nan,
         'step': nan,
         'workers_final': nan,
         'workers_peak': nan},
 'Loss': {'baseline_loss': 0.0001996301580220461,
          'entropy_loss': -0.1455562263727188,
          'teacher_kl_loss': 0.0,
          'total_loss': 0.042257338762283325,
          'upgo_pg_loss': 0.09612242132425308,
          'vtrace_pg_loss': 0.09149151295423508},
 'Misc': {'learning_rate': 9.884761920000001e-05, 'total_games_played': 394},
 'Teacher_KL_Divergence': {'cart': nan,
                           'city_tile': 0.0,
                           'overall': 0.0,
                           'worker': 0.0}}
[2022-02-22 11:28:17,748][root][INFO] - Steps 31744 @ 179.1 SPS / 2.8 BPS. Stats:
{'Actions': {'cart': {'MOVE': 0.4444444444444444,
                      'NO-OP': 0.5555555555555556,
                      'TRANSFER': 0.0},
             'city_tile': {'BUILD_CART': 0.03225806451612903,
                           'BUILD_WORKER': 0.03225806451612903,
                           'NO-OP': 0.45161290322580644,
                           'RESEARCH': 0.4838709677419355},
             'worker': {'BUILD_CITY': 0.024096385542168676,
                        'MOVE': 0.7590361445783133,
                        'NO-OP': 0.21686746987951808,
                        'PILLAGE': 0.0,
                        'TRANSFER': 0.0}},
 'Entropy': {'cart': 1.5722370147705078,
             'city_tile': 0.7677735686302185,
             'overall': 3.903002440929413,
             'worker': 1.5629918575286865},
 'Env': {'carts_final': 0.0,
         'carts_peak': 0.25,
         'city_tiles_final': 0.25,
         'city_tiles_peak': 1.5,
         'max_cumulative_rewards': 0.02175999991595745,
         'mean_cumulative_reward_magnitudes': 0.021250000223517418,
         'mean_cumulative_rewards': 0.0005100000416859984,
         'research_points': 3.75,
         'separate_cities_final': 0.25,
         'separate_cities_peak': 1.5,
         'step': 35.0,
         'workers_final': 0.5,
         'workers_peak': 1.25},
 'Loss': {'baseline_loss': 0.002842570887878537,
          'entropy_loss': -0.16389606893062592,
          'teacher_kl_loss': 0.0,
          'total_loss': -0.4548989534378052,
          'upgo_pg_loss': 0.030389482155442238,
          'vtrace_pg_loss': -0.3242349624633789},
 'Misc': {'learning_rate': 9.8843184e-05, 'total_games_played': 406},
 'Teacher_KL_Divergence': {'cart': 0.0,
                           'city_tile': 0.0,
                           'overall': 0.0,
                           'worker': 0.0}}
[2022-02-22 11:28:22,754][root][INFO] - Steps 32704 @ 191.8 SPS / 3.0 BPS. Stats:
{'Actions': {'cart': {'MOVE': nan, 'NO-OP': nan, 'TRANSFER': nan},
             'city_tile': {'BUILD_CART': nan,
                           'BUILD_WORKER': nan,
                           'NO-OP': nan,
                           'RESEARCH': nan},
             'worker': {'BUILD_CITY': nan,
                        'MOVE': nan,
                        'NO-OP': nan,
                        'PILLAGE': nan,
                        'TRANSFER': nan}},
 'Entropy': {'cart': 1.597497820854187,
             'city_tile': 0.9237532019615173,
             'overall': 4.064119398593903,
             'worker': 1.5428683757781982},
 'Env': {'carts_final': nan,
         'carts_peak': nan,
         'city_tiles_final': nan,
         'city_tiles_peak': nan,
         'max_cumulative_rewards': nan,
         'mean_cumulative_reward_magnitudes': nan,
         'mean_cumulative_rewards': nan,
         'research_points': nan,
         'separate_cities_final': nan,
         'separate_cities_peak': nan,
         'step': nan,
         'workers_final': nan,
         'workers_peak': nan},
 'Loss': {'baseline_loss': 0.00014914193889126182,
          'entropy_loss': -0.2423519641160965,
          'teacher_kl_loss': 0.0,
          'total_loss': 0.4301336407661438,
          'upgo_pg_loss': 0.2398829162120819,
          'vtrace_pg_loss': 0.4324535131454468},
 'Misc': {'learning_rate': 9.8838432e-05, 'total_games_played': 417},
 'Teacher_KL_Divergence': {'cart': 0.0,
                           'city_tile': 0.0,
                           'overall': 0.0,
                           'worker': 0.0}}
[2022-02-22 11:28:27,756][root][INFO] - Steps 33664 @ 191.9 SPS / 3.0 BPS. Stats:
{'Actions': {'cart': {'MOVE': nan, 'NO-OP': nan, 'TRANSFER': nan},
             'city_tile': {'BUILD_CART': nan,
                           'BUILD_WORKER': nan,
                           'NO-OP': nan,
                           'RESEARCH': nan},
             'worker': {'BUILD_CITY': nan,
                        'MOVE': nan,
                        'NO-OP': nan,
                        'PILLAGE': nan,
                        'TRANSFER': nan}},
 'Entropy': {'cart': 1.4714385271072388,
             'city_tile': 0.788651704788208,
             'overall': 3.827969193458557,
             'worker': 1.5678789615631104},
 'Env': {'carts_final': nan,
         'carts_peak': nan,
         'city_tiles_final': nan,
         'city_tiles_peak': nan,
         'max_cumulative_rewards': nan,
         'mean_cumulative_reward_magnitudes': nan,
         'mean_cumulative_rewards': nan,
         'research_points': nan,
         'separate_cities_final': nan,
         'separate_cities_peak': nan,
         'step': nan,
         'workers_final': nan,
         'workers_peak': nan},
 'Loss': {'baseline_loss': 0.0004911944270133972,
          'entropy_loss': -0.18446487188339233,
          'teacher_kl_loss': 0.0,
          'total_loss': -1.0342187881469727,
          'upgo_pg_loss': 0.005115551874041557,
          'vtrace_pg_loss': -0.855360746383667},
 'Misc': {'learning_rate': 9.883368e-05, 'total_games_played': 430},
 'Teacher_KL_Divergence': {'cart': 0.0,
                           'city_tile': 0.0,
                           'overall': 0.0,
                           'worker': 0.0}}
[2022-02-22 11:28:32,760][root][INFO] - Steps 34560 @ 179.1 SPS / 2.8 BPS. Stats:
{'Actions': {'cart': {'MOVE': 0.6666666666666666,
                      'NO-OP': 0.3333333333333333,
                      'TRANSFER': 0.0},
             'city_tile': {'BUILD_CART': 0.075,
                           'BUILD_WORKER': 0.1,
                           'NO-OP': 0.3,
                           'RESEARCH': 0.525},
             'worker': {'BUILD_CITY': 0.04838709677419355,
                        'MOVE': 0.7419354838709677,
                        'NO-OP': 0.18548387096774194,
                        'PILLAGE': 0.016129032258064516,
                        'TRANSFER': 0.008064516129032258}},
 'Entropy': {'cart': 1.1438442468643188,
             'city_tile': 0.6927826404571533,
             'overall': 3.2949655055999756,
             'worker': 1.4583386182785034},
 'Env': {'carts_final': 0.0,
         'carts_peak': 0.5,
         'city_tiles_final': 0.3333333432674408,
         'city_tiles_peak': 2.0,
         'max_cumulative_rewards': 0.022193333134055138,
         'mean_cumulative_reward_magnitudes': 0.02169000171124935,
         'mean_cumulative_rewards': 0.0005033333436585963,
         'research_points': 3.5,
         'separate_cities_final': 0.3333333432674408,
         'separate_cities_peak': 2.0,
         'step': 33.66666793823242,
         'workers_final': 0.8333333730697632,
         'workers_peak': 1.3333333730697632},
 'Loss': {'baseline_loss': 0.06362093985080719,
          'entropy_loss': -0.16030503809452057,
          'teacher_kl_loss': 0.0,
          'total_loss': -3.412371873855591,
          'upgo_pg_loss': -0.3692147135734558,
          'vtrace_pg_loss': -2.9464731216430664},
 'Misc': {'learning_rate': 9.882924480000001e-05, 'total_games_played': 444},
 'Teacher_KL_Divergence': {'cart': 0.0,
                           'city_tile': 0.0,
                           'overall': 0.0,
                           'worker': 0.0}}
[2022-02-22 11:28:37,764][root][INFO] - Steps 35520 @ 191.9 SPS / 3.0 BPS. Stats:
{'Actions': {'cart': {'MOVE': nan, 'NO-OP': nan, 'TRANSFER': nan},
             'city_tile': {'BUILD_CART': nan,
                           'BUILD_WORKER': nan,
                           'NO-OP': nan,
                           'RESEARCH': nan},
             'worker': {'BUILD_CITY': nan,
                        'MOVE': nan,
                        'NO-OP': nan,
                        'PILLAGE': nan,
                        'TRANSFER': nan}},
 'Entropy': {'cart': 1.4839428663253784,
             'city_tile': 0.9512872099876404,
             'overall': 3.958773910999298,
             'worker': 1.5235438346862793},
 'Env': {'carts_final': nan,
         'carts_peak': nan,
         'city_tiles_final': nan,
         'city_tiles_peak': nan,
         'max_cumulative_rewards': nan,
         'mean_cumulative_reward_magnitudes': nan,
         'mean_cumulative_rewards': nan,
         'research_points': nan,
         'separate_cities_final': nan,
         'separate_cities_peak': nan,
         'step': nan,
         'workers_final': nan,
         'workers_peak': nan},
 'Loss': {'baseline_loss': 0.00048544094897806644,
          'entropy_loss': -0.5334572792053223,
          'teacher_kl_loss': 0.0,
          'total_loss': 2.497359275817871,
          'upgo_pg_loss': 1.3004484176635742,
          'vtrace_pg_loss': 1.729882836341858},
 'Misc': {'learning_rate': 9.88244928e-05, 'total_games_played': 453},
 'Teacher_KL_Divergence': {'cart': 0.0,
                           'city_tile': 0.0,
                           'overall': 0.0,
                           'worker': 0.0}}
[2022-02-22 11:28:42,770][root][INFO] - Steps 36416 @ 179.0 SPS / 2.8 BPS. Stats:
{'Actions': {'cart': {'MOVE': 0.3333333333333333,
                      'NO-OP': 0.6666666666666666,
                      'TRANSFER': 0.0},
             'city_tile': {'BUILD_CART': 0.045454545454545456,
                           'BUILD_WORKER': 0.09090909090909091,
                           'NO-OP': 0.45454545454545453,
                           'RESEARCH': 0.4090909090909091},
             'worker': {'BUILD_CITY': 0.030612244897959183,
                        'MOVE': 0.6224489795918368,
                        'NO-OP': 0.3469387755102041,
                        'PILLAGE': 0.0,
                        'TRANSFER': 0.0}},
 'Entropy': {'cart': 1.506913185119629,
             'city_tile': 0.9442895650863647,
             'overall': 4.013834238052368,
             'worker': 1.5626314878463745},
 'Env': {'carts_final': 0.0,
         'carts_peak': 0.5,
         'city_tiles_final': 0.0,
         'city_tiles_peak': 1.5,
         'max_cumulative_rewards': 0.022369999438524246,
         'mean_cumulative_reward_magnitudes': 0.02199999988079071,
         'mean_cumulative_rewards': 0.0003699999942909926,
         'research_points': 4.5,
         'separate_cities_final': 0.0,
         'separate_cities_peak': 1.5,
         'step': 76.0,
         'workers_final': 0.5,
         'workers_peak': 1.5},
 'Loss': {'baseline_loss': 0.001856528571806848,
          'entropy_loss': -0.2174348086118698,
          'teacher_kl_loss': 0.0,
          'total_loss': -0.7131069898605347,
          'upgo_pg_loss': -0.02865036390721798,
          'vtrace_pg_loss': -0.4688783586025238},
 'Misc': {'learning_rate': 9.88200576e-05, 'total_games_played': 464},
 'Teacher_KL_Divergence': {'cart': 0.0,
                           'city_tile': 0.0,
                           'overall': 0.0,
                           'worker': 0.0}}
[2022-02-22 11:28:47,776][root][INFO] - Steps 37312 @ 179.0 SPS / 2.8 BPS. Stats:
{'Actions': {'cart': {'MOVE': nan, 'NO-OP': nan, 'TRANSFER': nan},
             'city_tile': {'BUILD_CART': nan,
                           'BUILD_WORKER': nan,
                           'NO-OP': nan,
                           'RESEARCH': nan},
             'worker': {'BUILD_CITY': nan,
                        'MOVE': nan,
                        'NO-OP': nan,
                        'PILLAGE': nan,
                        'TRANSFER': nan}},
 'Entropy': {'cart': 1.5279524326324463,
             'city_tile': 0.7379785180091858,
             'overall': 3.836388647556305,
             'worker': 1.5704576969146729},
 'Env': {'carts_final': nan,
         'carts_peak': nan,
         'city_tiles_final': nan,
         'city_tiles_peak': nan,
         'max_cumulative_rewards': nan,
         'mean_cumulative_reward_magnitudes': nan,
         'mean_cumulative_rewards': nan,
         'research_points': nan,
         'separate_cities_final': nan,
         'separate_cities_peak': nan,
         'step': nan,
         'workers_final': nan,
         'workers_peak': nan},
 'Loss': {'baseline_loss': 0.00016389411757700145,
          'entropy_loss': -0.2224353402853012,
          'teacher_kl_loss': 0.0,
          'total_loss': 0.04578705132007599,
          'upgo_pg_loss': 0.1453106701374054,
          'vtrace_pg_loss': 0.12274783849716187},
 'Misc': {'learning_rate': 9.881562240000001e-05, 'total_games_played': 475},
 'Teacher_KL_Divergence': {'cart': 0.0,
                           'city_tile': 0.0,
                           'overall': 0.0,
                           'worker': 0.0}}
[2022-02-22 11:28:52,782][root][INFO] - Steps 38272 @ 191.8 SPS / 3.0 BPS. Stats:
{'Actions': {'cart': {'MOVE': nan, 'NO-OP': nan, 'TRANSFER': nan},
             'city_tile': {'BUILD_CART': nan,
                           'BUILD_WORKER': nan,
                           'NO-OP': nan,
                           'RESEARCH': nan},
             'worker': {'BUILD_CITY': nan,
                        'MOVE': nan,
                        'NO-OP': nan,
                        'PILLAGE': nan,
                        'TRANSFER': nan}},
 'Entropy': {'cart': 1.495802879333496,
             'city_tile': 0.882348358631134,
             'overall': 3.933675706386566,
             'worker': 1.555524468421936},
 'Env': {'carts_final': nan,
         'carts_peak': nan,
         'city_tiles_final': nan,
         'city_tiles_peak': nan,
         'max_cumulative_rewards': nan,
         'mean_cumulative_reward_magnitudes': nan,
         'mean_cumulative_rewards': nan,
         'research_points': nan,
         'separate_cities_final': nan,
         'separate_cities_peak': nan,
         'step': nan,
         'workers_final': nan,
         'workers_peak': nan},
 'Loss': {'baseline_loss': 0.0006335749640129507,
          'entropy_loss': -0.33546510338783264,
          'teacher_kl_loss': 0.0,
          'total_loss': 2.9726510047912598,
          'upgo_pg_loss': 1.1290545463562012,
          'vtrace_pg_loss': 2.1784281730651855},
 'Misc': {'learning_rate': 9.88108704e-05, 'total_games_played': 482},
 'Teacher_KL_Divergence': {'cart': 0.0,
                           'city_tile': 0.0,
                           'overall': 0.0,
                           'worker': 0.0}}
